[debug] [2018-01-03T17:42:05.808Z] ----------------------------------------------------------------------
[debug] [2018-01-03T17:42:05.810Z] Command:       C:\Program Files\nodejs\node.exe C:\Users\Ire\AppData\Roaming\npm\node_modules\firebase-tools\bin\firebase serve
[debug] [2018-01-03T17:42:05.810Z] CLI Version:   3.16.0
[debug] [2018-01-03T17:42:05.810Z] Platform:      win32
[debug] [2018-01-03T17:42:05.811Z] Node Version:  v8.9.3
[debug] [2018-01-03T17:42:05.811Z] Time:          Wed Jan 03 2018 14:42:05 GMT-0300 (Pacific SA Daylight Time)
[debug] [2018-01-03T17:42:05.811Z] ----------------------------------------------------------------------
[debug] 
[debug] [2018-01-03T17:42:05.823Z] > command requires scopes: ["email","openid","https://www.googleapis.com/auth/cloudplatformprojects.readonly","https://www.googleapis.com/auth/firebase","https://www.googleapis.com/auth/cloud-platform"]
[debug] [2018-01-03T17:42:05.823Z] > authorizing via signed-in user
[debug] [2018-01-03T17:42:05.825Z] > refreshing access token with scopes: ["email","https://www.googleapis.com/auth/cloud-platform","https://www.googleapis.com/auth/cloudplatformprojects.readonly","https://www.googleapis.com/auth/firebase","openid"]
[debug] [2018-01-03T17:42:05.826Z] >>> HTTP REQUEST POST https://www.googleapis.com/oauth2/v3/token  
 { refresh_token: '1/q1wHppLrx7d1IIV-tDV3go2RyJzRKUyjnl3bz4RJe0AhWHBvwoW-E_7lmHy-7PnT',
  client_id: '563584335869-fgrhgmd47bqnekij5i8b5pr03ho849e6.apps.googleusercontent.com',
  client_secret: 'j9iVZfS8kkCEFUPaAeJV0sAi',
  grant_type: 'refresh_token',
  scope: 'email https://www.googleapis.com/auth/cloud-platform https://www.googleapis.com/auth/cloudplatformprojects.readonly https://www.googleapis.com/auth/firebase openid' } 
 Wed Jan 03 2018 14:42:05 GMT-0300 (Pacific SA Daylight Time)
[debug] [2018-01-03T17:42:07.457Z] <<< HTTP RESPONSE 200
[debug] [2018-01-03T17:42:07.473Z] >>> HTTP REQUEST GET https://admin.firebase.com/v1/projects/redmusicaliza  
  
 Wed Jan 03 2018 14:42:07 GMT-0300 (Pacific SA Daylight Time)
[debug] [2018-01-03T17:42:09.092Z] <<< HTTP RESPONSE 200
[debug] [2018-01-03T17:42:09.094Z] >>> HTTP REQUEST GET https://admin.firebase.com/v1/database/redmusicaliza/tokens  
  
 Wed Jan 03 2018 14:42:09 GMT-0300 (Pacific SA Daylight Time)
[debug] [2018-01-03T17:42:09.907Z] <<< HTTP RESPONSE 200
[info] 
[info] === Serving from 'C:\Users\Ire\Desktop\Laboratoria\red-social-laboratoria'...
[info] 
[debug] [2018-01-03T17:42:09.916Z] >>> HTTP REQUEST GET https://cloudresourcemanager.googleapis.com/v1/projects/redmusicaliza  
  
 Wed Jan 03 2018 14:42:09 GMT-0300 (Pacific SA Daylight Time)
[debug] [2018-01-03T17:42:10.988Z] <<< HTTP RESPONSE 200
[debug] [2018-01-03T17:42:10.991Z] >>> HTTP REQUEST GET https://mobilesdk-pa.googleapis.com/v1/projects/322563665420/clients/_:getWebAppConfig  
  
 Wed Jan 03 2018 14:42:10 GMT-0300 (Pacific SA Daylight Time)
[debug] [2018-01-03T17:42:11.490Z] <<< HTTP RESPONSE 200
[debug] [2018-01-03T17:42:11.534Z] TypeError: Cannot read property 'public' of undefined
    at Server.<anonymous> (C:\Users\Ire\AppData\Roaming\npm\node_modules\firebase-tools\lib\serve\hosting.js:34:18)
    at Object.onceWrapper (events.js:313:30)
    at emitNone (events.js:106:13)
    at Server.emit (events.js:208:7)
    at emitListeningNT (net.js:1378:10)
    at _combinedTickCallback (internal/process/next_tick.js:135:11)
    at process._tickDomainCallback (internal/process/next_tick.js:218:9)
[error] 
[error] Error: An unexpected error has occurred.
[debug] [2018-01-03T17:42:21.376Z] ----------------------------------------------------------------------
[debug] [2018-01-03T17:42:21.379Z] Command:       C:\Program Files\nodejs\node.exe C:\Users\Ire\AppData\Roaming\npm\node_modules\firebase-tools\bin\firebase serve
[debug] [2018-01-03T17:42:21.379Z] CLI Version:   3.16.0
[debug] [2018-01-03T17:42:21.379Z] Platform:      win32
[debug] [2018-01-03T17:42:21.379Z] Node Version:  v8.9.3
[debug] [2018-01-03T17:42:21.379Z] Time:          Wed Jan 03 2018 14:42:21 GMT-0300 (Pacific SA Daylight Time)
[debug] [2018-01-03T17:42:21.379Z] ----------------------------------------------------------------------
[debug] 
[debug] [2018-01-03T17:42:21.391Z] > command requires scopes: ["email","openid","https://www.googleapis.com/auth/cloudplatformprojects.readonly","https://www.googleapis.com/auth/firebase","https://www.googleapis.com/auth/cloud-platform"]
[debug] [2018-01-03T17:42:21.391Z] > authorizing via signed-in user
[debug] [2018-01-03T17:42:21.393Z] >>> HTTP REQUEST GET https://admin.firebase.com/v1/projects/redmusicaliza  
  
 Wed Jan 03 2018 14:42:21 GMT-0300 (Pacific SA Daylight Time)
[debug] [2018-01-03T17:42:22.681Z] <<< HTTP RESPONSE 200
[debug] [2018-01-03T17:42:22.684Z] >>> HTTP REQUEST GET https://admin.firebase.com/v1/database/redmusicaliza/tokens  
  
 Wed Jan 03 2018 14:42:22 GMT-0300 (Pacific SA Daylight Time)
[debug] [2018-01-03T17:42:23.469Z] <<< HTTP RESPONSE 200
[info] 
[info] === Serving from 'C:\Users\Ire\Desktop\Laboratoria\red-social-laboratoria'...
[info] 
[debug] [2018-01-03T17:42:23.477Z] >>> HTTP REQUEST GET https://cloudresourcemanager.googleapis.com/v1/projects/redmusicaliza  
  
 Wed Jan 03 2018 14:42:23 GMT-0300 (Pacific SA Daylight Time)
[debug] [2018-01-03T17:42:24.466Z] <<< HTTP RESPONSE 200
[debug] [2018-01-03T17:42:24.469Z] >>> HTTP REQUEST GET https://mobilesdk-pa.googleapis.com/v1/projects/322563665420/clients/_:getWebAppConfig  
  
 Wed Jan 03 2018 14:42:24 GMT-0300 (Pacific SA Daylight Time)
[debug] [2018-01-03T17:42:25.061Z] <<< HTTP RESPONSE 200
[debug] [2018-01-03T17:42:25.100Z] TypeError: Cannot read property 'public' of undefined
    at Server.<anonymous> (C:\Users\Ire\AppData\Roaming\npm\node_modules\firebase-tools\lib\serve\hosting.js:34:18)
    at Object.onceWrapper (events.js:313:30)
    at emitNone (events.js:106:13)
    at Server.emit (events.js:208:7)
    at emitListeningNT (net.js:1378:10)
    at _combinedTickCallback (internal/process/next_tick.js:135:11)
    at process._tickDomainCallback (internal/process/next_tick.js:218:9)
[error] 
[error] Error: An unexpected error has occurred.
[debug] [2018-01-03T17:42:33.665Z] ----------------------------------------------------------------------
[debug] [2018-01-03T17:42:33.667Z] Command:       C:\Program Files\nodejs\node.exe C:\Users\Ire\AppData\Roaming\npm\node_modules\firebase-tools\bin\firebase serve
[debug] [2018-01-03T17:42:33.667Z] CLI Version:   3.16.0
[debug] [2018-01-03T17:42:33.667Z] Platform:      win32
[debug] [2018-01-03T17:42:33.667Z] Node Version:  v8.9.3
[debug] [2018-01-03T17:42:33.668Z] Time:          Wed Jan 03 2018 14:42:33 GMT-0300 (Pacific SA Daylight Time)
[debug] [2018-01-03T17:42:33.668Z] ----------------------------------------------------------------------
[debug] 
[debug] [2018-01-03T17:42:33.680Z] > command requires scopes: ["email","openid","https://www.googleapis.com/auth/cloudplatformprojects.readonly","https://www.googleapis.com/auth/firebase","https://www.googleapis.com/auth/cloud-platform"]
[debug] [2018-01-03T17:42:33.680Z] > authorizing via signed-in user
[debug] [2018-01-03T17:42:33.682Z] >>> HTTP REQUEST GET https://admin.firebase.com/v1/projects/redmusicaliza  
  
 Wed Jan 03 2018 14:42:33 GMT-0300 (Pacific SA Daylight Time)
[debug] [2018-01-03T17:42:35.378Z] <<< HTTP RESPONSE 200
[debug] [2018-01-03T17:42:35.380Z] >>> HTTP REQUEST GET https://admin.firebase.com/v1/database/redmusicaliza/tokens  
  
 Wed Jan 03 2018 14:42:35 GMT-0300 (Pacific SA Daylight Time)
[debug] [2018-01-03T17:42:36.086Z] <<< HTTP RESPONSE 200
[info] 
[info] === Serving from 'C:\Users\Ire\Desktop\Laboratoria\red-social-laboratoria'...
[info] 
[debug] [2018-01-03T17:42:36.094Z] >>> HTTP REQUEST GET https://cloudresourcemanager.googleapis.com/v1/projects/redmusicaliza  
  
 Wed Jan 03 2018 14:42:36 GMT-0300 (Pacific SA Daylight Time)
[debug] [2018-01-03T17:42:37.124Z] <<< HTTP RESPONSE 200
[debug] [2018-01-03T17:42:37.127Z] >>> HTTP REQUEST GET https://mobilesdk-pa.googleapis.com/v1/projects/322563665420/clients/_:getWebAppConfig  
  
 Wed Jan 03 2018 14:42:37 GMT-0300 (Pacific SA Daylight Time)
[debug] [2018-01-03T17:42:37.572Z] <<< HTTP RESPONSE 200
[debug] [2018-01-03T17:42:37.608Z] TypeError: Cannot read property 'public' of undefined
    at Server.<anonymous> (C:\Users\Ire\AppData\Roaming\npm\node_modules\firebase-tools\lib\serve\hosting.js:34:18)
    at Object.onceWrapper (events.js:313:30)
    at emitNone (events.js:106:13)
    at Server.emit (events.js:208:7)
    at emitListeningNT (net.js:1378:10)
    at _combinedTickCallback (internal/process/next_tick.js:135:11)
    at process._tickDomainCallback (internal/process/next_tick.js:218:9)
[error] 
[error] Error: An unexpected error has occurred.
[debug] [2018-01-03T17:44:11.662Z] ----------------------------------------------------------------------
[debug] [2018-01-03T17:44:11.665Z] Command:       C:\Program Files\nodejs\node.exe C:\Users\Ire\AppData\Roaming\npm\node_modules\firebase-tools\bin\firebase serve
[debug] [2018-01-03T17:44:11.665Z] CLI Version:   3.16.0
[debug] [2018-01-03T17:44:11.665Z] Platform:      win32
[debug] [2018-01-03T17:44:11.665Z] Node Version:  v8.9.3
[debug] [2018-01-03T17:44:11.666Z] Time:          Wed Jan 03 2018 14:44:11 GMT-0300 (Pacific SA Daylight Time)
[debug] [2018-01-03T17:44:11.666Z] ----------------------------------------------------------------------
[debug] 
[debug] [2018-01-03T17:44:11.677Z] > command requires scopes: ["email","openid","https://www.googleapis.com/auth/cloudplatformprojects.readonly","https://www.googleapis.com/auth/firebase","https://www.googleapis.com/auth/cloud-platform"]
[debug] [2018-01-03T17:44:11.678Z] > authorizing via signed-in user
[debug] [2018-01-03T17:44:11.680Z] >>> HTTP REQUEST GET https://admin.firebase.com/v1/projects/redmusicaliza  
  
 Wed Jan 03 2018 14:44:11 GMT-0300 (Pacific SA Daylight Time)
[debug] [2018-01-03T17:44:14.070Z] <<< HTTP RESPONSE 200
[debug] [2018-01-03T17:44:14.072Z] >>> HTTP REQUEST GET https://admin.firebase.com/v1/database/redmusicaliza/tokens  
  
 Wed Jan 03 2018 14:44:14 GMT-0300 (Pacific SA Daylight Time)
[debug] [2018-01-03T17:44:15.079Z] <<< HTTP RESPONSE 200
[info] 
[info] === Serving from 'C:\Users\Ire\Desktop\Laboratoria\red-social-laboratoria'...
[info] 
[debug] [2018-01-03T17:44:15.086Z] >>> HTTP REQUEST GET https://cloudresourcemanager.googleapis.com/v1/projects/redmusicaliza  
  
 Wed Jan 03 2018 14:44:15 GMT-0300 (Pacific SA Daylight Time)
[debug] [2018-01-03T17:44:16.221Z] <<< HTTP RESPONSE 200
[debug] [2018-01-03T17:44:16.223Z] >>> HTTP REQUEST GET https://mobilesdk-pa.googleapis.com/v1/projects/322563665420/clients/_:getWebAppConfig  
  
 Wed Jan 03 2018 14:44:16 GMT-0300 (Pacific SA Daylight Time)
[debug] [2018-01-03T17:44:17.655Z] <<< HTTP RESPONSE 200
[info] i  hosting: Serving hosting files from: ./
[info] +  hosting: Local server: http://localhost:5000

[debug] [2018-01-04T21:19:36.863Z] ----------------------------------------------------------------------
[debug] [2018-01-04T21:19:36.866Z] Command:       C:\Program Files\nodejs\node.exe C:\Users\Ire\AppData\Roaming\npm\node_modules\firebase-tools\bin\firebase serve
[debug] [2018-01-04T21:19:36.866Z] CLI Version:   3.16.0
[debug] [2018-01-04T21:19:36.866Z] Platform:      win32
[debug] [2018-01-04T21:19:36.866Z] Node Version:  v8.9.3
[debug] [2018-01-04T21:19:36.866Z] Time:          Thu Jan 04 2018 18:19:36 GMT-0300 (Pacific SA Daylight Time)
[debug] [2018-01-04T21:19:36.866Z] ----------------------------------------------------------------------
[debug] 
[debug] [2018-01-04T21:19:36.882Z] > command requires scopes: ["email","openid","https://www.googleapis.com/auth/cloudplatformprojects.readonly","https://www.googleapis.com/auth/firebase","https://www.googleapis.com/auth/cloud-platform"]
[debug] [2018-01-04T21:19:36.883Z] > authorizing via signed-in user
[debug] [2018-01-04T21:19:36.885Z] > refreshing access token with scopes: ["email","https://www.googleapis.com/auth/cloud-platform","https://www.googleapis.com/auth/cloudplatformprojects.readonly","https://www.googleapis.com/auth/firebase","openid"]
[debug] [2018-01-04T21:19:36.885Z] >>> HTTP REQUEST POST https://www.googleapis.com/oauth2/v3/token  
 { refresh_token: '1/q1wHppLrx7d1IIV-tDV3go2RyJzRKUyjnl3bz4RJe0AhWHBvwoW-E_7lmHy-7PnT',
  client_id: '563584335869-fgrhgmd47bqnekij5i8b5pr03ho849e6.apps.googleusercontent.com',
  client_secret: 'j9iVZfS8kkCEFUPaAeJV0sAi',
  grant_type: 'refresh_token',
  scope: 'email https://www.googleapis.com/auth/cloud-platform https://www.googleapis.com/auth/cloudplatformprojects.readonly https://www.googleapis.com/auth/firebase openid' } 
 Thu Jan 04 2018 18:19:36 GMT-0300 (Pacific SA Daylight Time)
[debug] [2018-01-04T21:19:37.491Z] <<< HTTP RESPONSE 200
[debug] [2018-01-04T21:19:37.504Z] >>> HTTP REQUEST GET https://admin.firebase.com/v1/projects/redmusicaliza  
  
 Thu Jan 04 2018 18:19:37 GMT-0300 (Pacific SA Daylight Time)
[debug] [2018-01-04T21:19:38.586Z] <<< HTTP RESPONSE 200
[debug] [2018-01-04T21:19:38.587Z] >>> HTTP REQUEST GET https://admin.firebase.com/v1/database/redmusicaliza/tokens  
  
 Thu Jan 04 2018 18:19:38 GMT-0300 (Pacific SA Daylight Time)
[debug] [2018-01-04T21:19:39.301Z] <<< HTTP RESPONSE 200
[info] 
[info] === Serving from 'C:\Users\Ire\Desktop\Laboratoria\red-social-laboratoria'...
[info] 
[debug] [2018-01-04T21:19:39.309Z] >>> HTTP REQUEST GET https://cloudresourcemanager.googleapis.com/v1/projects/redmusicaliza  
  
 Thu Jan 04 2018 18:19:39 GMT-0300 (Pacific SA Daylight Time)
[debug] [2018-01-04T21:19:40.354Z] <<< HTTP RESPONSE 200
[debug] [2018-01-04T21:19:40.357Z] >>> HTTP REQUEST GET https://mobilesdk-pa.googleapis.com/v1/projects/322563665420/clients/_:getWebAppConfig  
  
 Thu Jan 04 2018 18:19:40 GMT-0300 (Pacific SA Daylight Time)
[debug] [2018-01-04T21:19:41.638Z] <<< HTTP RESPONSE 200
[info] i  hosting: Serving hosting files from: ./
[info] +  hosting: Local server: http://localhost:5000

[debug] [2018-01-05T03:09:33.251Z] ----------------------------------------------------------------------
[debug] [2018-01-05T03:09:33.253Z] Command:       C:\Program Files\nodejs\node.exe C:\Users\Ire\AppData\Roaming\npm\node_modules\firebase-tools\bin\firebase serve
[debug] [2018-01-05T03:09:33.253Z] CLI Version:   3.16.0
[debug] [2018-01-05T03:09:33.254Z] Platform:      win32
[debug] [2018-01-05T03:09:33.254Z] Node Version:  v8.9.3
[debug] [2018-01-05T03:09:33.254Z] Time:          Fri Jan 05 2018 00:09:33 GMT-0300 (Pacific SA Daylight Time)
[debug] [2018-01-05T03:09:33.254Z] ----------------------------------------------------------------------
[debug] 
[debug] [2018-01-05T03:09:33.270Z] > command requires scopes: ["email","openid","https://www.googleapis.com/auth/cloudplatformprojects.readonly","https://www.googleapis.com/auth/firebase","https://www.googleapis.com/auth/cloud-platform"]
[debug] [2018-01-05T03:09:33.271Z] > authorizing via signed-in user
[debug] [2018-01-05T03:09:33.273Z] > refreshing access token with scopes: ["email","https://www.googleapis.com/auth/cloud-platform","https://www.googleapis.com/auth/cloudplatformprojects.readonly","https://www.googleapis.com/auth/firebase","openid"]
[debug] [2018-01-05T03:09:33.273Z] >>> HTTP REQUEST POST https://www.googleapis.com/oauth2/v3/token  
 { refresh_token: '1/q1wHppLrx7d1IIV-tDV3go2RyJzRKUyjnl3bz4RJe0AhWHBvwoW-E_7lmHy-7PnT',
  client_id: '563584335869-fgrhgmd47bqnekij5i8b5pr03ho849e6.apps.googleusercontent.com',
  client_secret: 'j9iVZfS8kkCEFUPaAeJV0sAi',
  grant_type: 'refresh_token',
  scope: 'email https://www.googleapis.com/auth/cloud-platform https://www.googleapis.com/auth/cloudplatformprojects.readonly https://www.googleapis.com/auth/firebase openid' } 
 Fri Jan 05 2018 00:09:33 GMT-0300 (Pacific SA Daylight Time)
[debug] [2018-01-05T03:09:33.791Z] <<< HTTP RESPONSE 200
[debug] [2018-01-05T03:09:33.805Z] >>> HTTP REQUEST GET https://admin.firebase.com/v1/projects/redmusicaliza  
  
 Fri Jan 05 2018 00:09:33 GMT-0300 (Pacific SA Daylight Time)
[debug] [2018-01-05T03:09:34.945Z] <<< HTTP RESPONSE 200
[debug] [2018-01-05T03:09:34.947Z] >>> HTTP REQUEST GET https://admin.firebase.com/v1/database/redmusicaliza/tokens  
  
 Fri Jan 05 2018 00:09:34 GMT-0300 (Pacific SA Daylight Time)
[debug] [2018-01-05T03:09:35.609Z] <<< HTTP RESPONSE 200
[info] 
[info] === Serving from 'C:\Users\Ire\Desktop\Laboratoria\red-social-laboratoria'...
[info] 
[debug] [2018-01-05T03:09:35.616Z] >>> HTTP REQUEST GET https://cloudresourcemanager.googleapis.com/v1/projects/redmusicaliza  
  
 Fri Jan 05 2018 00:09:35 GMT-0300 (Pacific SA Daylight Time)
[debug] [2018-01-05T03:09:36.535Z] <<< HTTP RESPONSE 200
[debug] [2018-01-05T03:09:36.538Z] >>> HTTP REQUEST GET https://mobilesdk-pa.googleapis.com/v1/projects/322563665420/clients/_:getWebAppConfig  
  
 Fri Jan 05 2018 00:09:36 GMT-0300 (Pacific SA Daylight Time)
[debug] [2018-01-05T03:09:37.600Z] <<< HTTP RESPONSE 200
[info] i  hosting: Serving hosting files from: ./
[info] +  hosting: Local server: http://localhost:5000

